[debug] [2021-01-29T19:25:05.584Z] ----------------------------------------------------------------------
[debug] [2021-01-29T19:25:05.586Z] Command:       /usr/bin/node /usr/bin/firebase init
[debug] [2021-01-29T19:25:05.586Z] CLI Version:   9.2.2
[debug] [2021-01-29T19:25:05.586Z] Platform:      linux
[debug] [2021-01-29T19:25:05.586Z] Node Version:  v15.7.0
[debug] [2021-01-29T19:25:05.586Z] Time:          Fri Jan 29 2021 20:25:05 GMT+0100 (Central European Standard Time)
[debug] [2021-01-29T19:25:05.586Z] ----------------------------------------------------------------------
[debug] [2021-01-29T19:25:05.586Z] 
[debug] [2021-01-29T19:25:05.589Z] > command requires scopes: ["email","openid","https://www.googleapis.com/auth/cloudplatformprojects.readonly","https://www.googleapis.com/auth/firebase","https://www.googleapis.com/auth/cloud-platform"]
[debug] [2021-01-29T19:25:05.589Z] > authorizing via signed-in user
[info] 
     ######## #### ########  ######## ########     ###     ######  ########
     ##        ##  ##     ## ##       ##     ##  ##   ##  ##       ##
     ######    ##  ########  ######   ########  #########  ######  ######
     ##        ##  ##    ##  ##       ##     ## ##     ##       ## ##
     ##       #### ##     ## ######## ########  ##     ##  ######  ########

You're about to initialize a Firebase project in this directory:

  /home/stranavadavid/programming/majkoponist/frontend

[info] 
=== Project Setup
[info] 
[info] First, let's associate this project directory with a Firebase project.
[info] You can create multiple project aliases by running firebase use --add, 
[info] but for now we'll just set up a default project.
[info] 
[debug] [2021-01-29T19:25:34.836Z] >>> [apiv2][query] GET https://firebase.googleapis.com/v1beta1/projects pageSize=100
[debug] [2021-01-29T19:25:35.388Z] <<< [apiv2][status] GET https://firebase.googleapis.com/v1beta1/projects 200
[debug] [2021-01-29T19:25:35.389Z] <<< [apiv2][body] GET https://firebase.googleapis.com/v1beta1/projects [omitted]
[info] i  Using project majkoponist (Majkoponist) 
[info] 
=== Hosting Setup
[info] 
[info] Your public directory is the folder (relative to your project directory) that
[info] will contain Hosting assets to be uploaded with firebase deploy. If you
[info] have a build process for your assets, use your build's output directory.
[info] 
[info] ✔  Wrote public/404.html 
[debug] [2021-01-29T19:25:55.410Z] >>> [apiv2][query] GET https://www.gstatic.com/firebasejs/releases.json [none]
[debug] [2021-01-29T19:25:55.813Z] <<< [apiv2][status] GET https://www.gstatic.com/firebasejs/releases.json 200
[debug] [2021-01-29T19:25:55.813Z] <<< [apiv2][body] GET https://www.gstatic.com/firebasejs/releases.json {"current":{"version":"8.2.5","browserURL":"https://www.gstatic.com/firebasejs/8.2.5/firebase.js","packageURL":"https://www.gstatic.com/firebasejs/8.2.5/firebase.tgz"},"live":{"version":"8.2","browserURL":"https://www.gstatic.com/firebasejs/live/8.2/firebase.js","packageURL":"https://www.gstatic.com/firebasejs/live/8.2/firebase.tgz"},"components":{"analytics":"https://www.gstatic.com/firebasejs/8.2.5/firebase-analytics.js","app":"https://www.gstatic.com/firebasejs/8.2.5/firebase-app.js","auth":"https://www.gstatic.com/firebasejs/8.2.5/firebase-auth.js","database":"https://www.gstatic.com/firebasejs/8.2.5/firebase-database.js","firestore":"https://www.gstatic.com/firebasejs/8.2.5/firebase-firestore.js","functions":"https://www.gstatic.com/firebasejs/8.2.5/firebase-functions.js","installations":"https://www.gstatic.com/firebasejs/8.2.5/firebase-installations.js","messaging":"https://www.gstatic.com/firebasejs/8.2.5/firebase-messaging.js","storage":"https://www.gstatic.com/firebasejs/8.2.5/firebase-storage.js","performance":"https://www.gstatic.com/firebasejs/8.2.5/firebase-performance.js","remote-config":"https://www.gstatic.com/firebasejs/8.2.5/firebase-remote-config.js","firestore.memory":"https://www.gstatic.com/firebasejs/8.2.5/firebase-firestore.memory.js"}}
[info] i  Skipping write of public/index.html 
[info] 
[info] i  Detected a .git folder at /home/stranavadavid/programming/majkoponist 
[info] i  Authorizing with GitHub to upload your service account to a GitHub repository's secrets store. 
[info] 
[info] Visit this URL on this device to log in:
[info] https://github.com/login/oauth/authorize?client_id=89cf50f02ac6aaed3484&state=149954471&redirect_uri=http%3A%2F%2Flocalhost%3A9005&scope=read%3Auser%20repo%20public_repo
[info] 
[info] Waiting for authentication...
[debug] [2021-01-29T19:26:05.275Z] >>> HTTP REQUEST POST https://github.com/login/oauth/access_token  
 {"client_id":"89cf50f02ac6aaed3484","client_secret":"3330d14abc895d9a74d5f17cd7a00711fa2c5bf0","code":"d4928f786ec0efba29d6","redirect_uri":"http://localhost:9005","state":"149954471"}
[debug] [2021-01-29T19:26:05.885Z] <<< HTTP RESPONSE 200 {"date":"Fri, 29 Jan 2021 19:26:05 GMT","content-type":"application/json; charset=utf-8","transfer-encoding":"chunked","server":"GitHub.com","status":"200 OK","vary":"X-PJAX, Accept-Encoding, Accept, X-Requested-With, Accept-Encoding","etag":"W/\"bde92f3d3bfa34156f66046b45701e77\"","cache-control":"max-age=0, private, must-revalidate","strict-transport-security":"max-age=31536000; includeSubdomains; preload","x-frame-options":"deny","x-content-type-options":"nosniff","x-xss-protection":"1; mode=block","referrer-policy":"origin-when-cross-origin, strict-origin-when-cross-origin","expect-ct":"max-age=2592000, report-uri=\"https://api.github.com/_private/browser/errors\"","content-security-policy":"default-src 'none'; base-uri 'self'; block-all-mixed-content; connect-src 'self' uploads.github.com www.githubstatus.com collector.githubapp.com api.github.com github-cloud.s3.amazonaws.com github-production-repository-file-5c1aeb.s3.amazonaws.com github-production-upload-manifest-file-7fdce7.s3.amazonaws.com github-production-user-asset-6210df.s3.amazonaws.com cdn.optimizely.com logx.optimizely.com/v1/events wss://alive.github.com; font-src github.githubassets.com; form-action 'self' github.com gist.github.com; frame-ancestors 'none'; frame-src render.githubusercontent.com; img-src 'self' data: github.githubassets.com identicons.github.com collector.githubapp.com github-cloud.s3.amazonaws.com *.githubusercontent.com; manifest-src 'self'; media-src 'none'; script-src github.githubassets.com; style-src 'unsafe-inline' github.githubassets.com; worker-src github.com/socket-worker-5029ae85.js gist.github.com/socket-worker-5029ae85.js","x-github-request-id":"0A65:11257:96E7DA:B79EA1:6014614D"}
[debug] [2021-01-29T19:26:05.887Z] >>> [apiv2][query] GET https://api.github.com/user [none]
[debug] [2021-01-29T19:26:06.396Z] <<< [apiv2][status] GET https://api.github.com/user 200
[debug] [2021-01-29T19:26:06.397Z] <<< [apiv2][body] GET https://api.github.com/user {"login":"stranavad","id":61092270,"node_id":"MDQ6VXNlcjYxMDkyMjcw","avatar_url":"https://avatars.githubusercontent.com/u/61092270?v=4","gravatar_id":"","url":"https://api.github.com/users/stranavad","html_url":"https://github.com/stranavad","followers_url":"https://api.github.com/users/stranavad/followers","following_url":"https://api.github.com/users/stranavad/following{/other_user}","gists_url":"https://api.github.com/users/stranavad/gists{/gist_id}","starred_url":"https://api.github.com/users/stranavad/starred{/owner}{/repo}","subscriptions_url":"https://api.github.com/users/stranavad/subscriptions","organizations_url":"https://api.github.com/users/stranavad/orgs","repos_url":"https://api.github.com/users/stranavad/repos","events_url":"https://api.github.com/users/stranavad/events{/privacy}","received_events_url":"https://api.github.com/users/stranavad/received_events","type":"User","site_admin":false,"name":"David Stranava","company":null,"blog":"","location":null,"email":null,"hireable":null,"bio":"Code with fun, cause it is fun","twitter_username":null,"public_repos":6,"public_gists":0,"followers":0,"following":1,"created_at":"2020-02-15T18:04:39Z","updated_at":"2021-01-29T18:50:05Z","private_gists":0,"total_private_repos":12,"owned_private_repos":12,"disk_usage":137725,"collaborators":0,"two_factor_authentication":false,"plan":{"name":"free","space":976562499,"collaborators":0,"private_repos":10000}}
[info] 
[info] ✔  Success! Logged into GitHub as stranavad 
[info] 
